

*******************************************************************************
Tue Nov  6 17:34:05 2012


FIT:    data read from 'sandbox_rect'
        format = z
        #datapoints = 69
        residuals are weighted equally (unit weight)

function used for fitting: a*x+b
fitted parameters initialized with current variable values



 Iteration 0
 WSSR        : 482.77            delta(WSSR)/WSSR   : 0
 delta(WSSR) : 0                 limit for stopping : 1e-05
 lambda	  : 2.50604

initial set of free parameter values

a               = 1
b               = 1

After 4 iterations the fit converged.
final sum of squares of residuals : 0.179487
rel. change during last iteration : -1.84503e-11

degrees of freedom    (FIT_NDF)                        : 67
rms of residuals      (FIT_STDFIT) = sqrt(WSSR/ndf)    : 0.0517581
variance of residuals (reduced chisquare) = WSSR/ndf   : 0.0026789

Final set of parameters            Asymptotic Standard Error
=======================            ==========================

a               = 1.50754          +/- 0.006905     (0.458%)
b               = 1.94089          +/- 0.02348      (1.21%)


correlation matrix of the fit parameters:

               a      b      
a               1.000 
b              -0.964  1.000 


*******************************************************************************
Tue Nov  6 17:34:05 2012


FIT:    data read from 'sandbox_circle'
        format = z
        #datapoints = 69
        residuals are weighted equally (unit weight)

function used for fitting: a*x+b
fitted parameters initialized with current variable values



 Iteration 0
 WSSR        : 417.321           delta(WSSR)/WSSR   : 0
 delta(WSSR) : 0                 limit for stopping : 1e-05
 lambda	  : 2.50604

initial set of free parameter values

a               = 1
b               = 1

After 3 iterations the fit converged.
final sum of squares of residuals : 1.52669
rel. change during last iteration : -9.37123e-06

degrees of freedom    (FIT_NDF)                        : 67
rms of residuals      (FIT_STDFIT) = sqrt(WSSR/ndf)    : 0.150952
variance of residuals (reduced chisquare) = WSSR/ndf   : 0.0227865

Final set of parameters            Asymptotic Standard Error
=======================            ==========================

a               = 1.72859          +/- 0.02014      (1.165%)
b               = 0.976687         +/- 0.06847      (7.01%)


correlation matrix of the fit parameters:

               a      b      
a               1.000 
b              -0.964  1.000 


*******************************************************************************
Tue Nov  6 17:34:05 2012


FIT:    data read from 'gyration'
        format = z
        #datapoints = 60
        residuals are weighted equally (unit weight)

function used for fitting: a*x+b
fitted parameters initialized with current variable values



 Iteration 0
 WSSR        : 542.64            delta(WSSR)/WSSR   : 0
 delta(WSSR) : 0                 limit for stopping : 1e-05
 lambda	  : 2.35888

initial set of free parameter values

a               = 1
b               = 1

After 4 iterations the fit converged.
final sum of squares of residuals : 0.0450445
rel. change during last iteration : -3.23108e-09

degrees of freedom    (FIT_NDF)                        : 58
rms of residuals      (FIT_STDFIT) = sqrt(WSSR/ndf)    : 0.0278681
variance of residuals (reduced chisquare) = WSSR/ndf   : 0.000776629

Final set of parameters            Asymptotic Standard Error
=======================            ==========================

a               = 1.61432          +/- 0.007092     (0.4393%)
b               = 2.0609           +/- 0.02257      (1.095%)


correlation matrix of the fit parameters:

               a      b      
a               1.000 
b              -0.987  1.000 
