

*******************************************************************************
Sun Nov  4 17:25:37 2012


FIT:    data read from 'exp'
        format = z
        #datapoints = 1024
        residuals are weighted equally (unit weight)

function used for fitting: a*x+b
fitted parameters initialized with current variable values



 Iteration 0
 WSSR        : 1284.4            delta(WSSR)/WSSR   : 0
 delta(WSSR) : 0                 limit for stopping : 1e-05
 lambda	  : 2.98582

initial set of free parameter values

a               = 1
b               = 1

After 3 iterations the fit converged.
final sum of squares of residuals : 416.736
rel. change during last iteration : -3.08083e-07

degrees of freedom    (FIT_NDF)                        : 1022
rms of residuals      (FIT_STDFIT) = sqrt(WSSR/ndf)    : 0.638565
variance of residuals (reduced chisquare) = WSSR/ndf   : 0.407765

Final set of parameters            Asymptotic Standard Error
=======================            ==========================

a               = 1.47247          +/- 0.02856      (1.94%)
b               = -1.76928         +/- 0.1172       (6.623%)


correlation matrix of the fit parameters:

               a      b      
a               1.000 
b              -0.985  1.000 
